PRT1
115
221
534
4 0 27 0 (1024 0 8 ) (1024 0 16 ) (1024 32 16 ) (1024 32 8 ) 
4 0 25 0 (1024 0 16 ) (1024 0 472 ) (1024 32 472 ) (1024 32 16 ) 
4 0 9 0 (1024 0 16 ) (1024 0 8 ) (1392 0 8 ) (1392 0 16 ) 
4 0 4 0 (1024 0 472 ) (1024 0 16 ) (1344 0 16 ) (1344 0 472 ) 
4 0 3 0 (1344 0 16 ) (1392 0 16 ) (1392 0 472 ) (1344 0 472 ) 
4 1 29 0 (1024 272 -8 ) (1024 0 -8 ) (1024 0 0 ) (1024 272 0 ) 
4 1 11 0 (1024 0 0 ) (1024 0 -8 ) (1408 0 -8 ) (1408 0 0 ) 
4 2 9 0 (1392 -56 16 ) (1392 -56 8 ) (1392 -168 8 ) (1392 -168 16 ) 
4 2 3 0 (1392 -168 176 ) (1392 -56 176 ) (1392 -56 16 ) (1392 -168 16 ) 
4 3 9 0 (1344 0 16 ) (1392 0 16 ) (1392 -264 16 ) (1344 -264 16 ) 
4 3 4 0 (1344 0 16 ) (1344 -264 16 ) (1344 -264 472 ) (1344 0 472 ) 
4 4 30 0 (1024 -512 472 ) (1024 0 472 ) (1024 0 16 ) (1024 -512 16 ) 
4 4 10 0 (1344 -264 16 ) (1344 -376 16 ) (1024 -376 16 ) (1024 -264 16 ) 
4 4 9 0 (1024 0 16 ) (1344 0 16 ) (1344 -264 16 ) (1024 -264 16 ) 
4 4 5 0 (1128 -512 16 ) (1344 -512 16 ) (1344 -512 472 ) (1128 -512 472 ) 
4 5 6 0 (1128 -552 16 ) (1128 -776 16 ) (1128 -776 472 ) (1128 -552 472 ) 
4 6 40 0 (1024 -776 472 ) (1024 -552 472 ) (1024 -552 16 ) (1024 -776 16 ) 
4 7 13 0 (1360 -1024 232 ) (1360 -1024 472 ) (1344 -1024 472 ) (1344 -1024 232 ) 
4 7 8 0 (1344 -816 472 ) (1344 -816 232 ) (1344 -1024 232 ) (1344 -1024 472 ) 
4 8 41 0 (1024 -1024 16 ) (1024 -1024 472 ) (1024 -816 472 ) (1024 -816 16 ) 
4 8 14 0 (1024 -1024 232 ) (1024 -1024 16 ) (1344 -1024 16 ) (1344 -1024 232 ) 
4 8 13 0 (1024 -1024 472 ) (1024 -1024 232 ) (1344 -1024 232 ) (1344 -1024 472 ) 
4 9 44 0 (1024 -264 16 ) (1024 0 16 ) (1024 0 8 ) (1024 -264 8 ) 
4 9 10 0 (1024 -264 8 ) (1344 -264 8 ) (1344 -264 16 ) (1024 -264 16 ) 
3 10 44 0 (1024 -376 16 ) (1024 -264 16 ) (1024 -264 8 ) 
4 11 47 0 (1024 0 -8 ) (1024 -1024 -8 ) (1024 -1024 0 ) (1024 0 0 ) 
4 12 19 0 (1400 -2048 288 ) (1400 -2048 472 ) (1360 -2048 472 ) (1360 -2048 288 ) 
4 12 17 0 (1360 -2048 288 ) (1360 -2048 472 ) (1360 -1808 472 ) (1360 -1808 288 ) 
4 13 51 0 (1024 -1552 472 ) (1024 -1472 472 ) (1024 -1472 232 ) (1024 -1552 232 ) 
4 13 50 0 (1024 -1472 472 ) (1024 -1080 472 ) (1024 -1080 232 ) (1024 -1472 232 ) 
4 13 48 0 (1024 -1080 472 ) (1024 -1024 472 ) (1024 -1024 232 ) (1024 -1080 232 ) 
4 13 15 0 (1024 -1536 232 ) (1024 -1472 232 ) (1344 -1472 232 ) (1344 -1536 232 ) 
4 13 14 0 (1024 -1472 232 ) (1024 -1024 232 ) (1344 -1024 232 ) (1344 -1472 232 ) 
4 13 17 0 (1360 -1552 232 ) (1360 -1552 472 ) (1024 -1552 472 ) (1024 -1552 232 ) 
4 14 50 0 (1024 -1080 16 ) (1024 -1472 16 ) (1024 -1472 232 ) (1024 -1080 232 ) 
4 14 48 0 (1024 -1024 232 ) (1024 -1024 16 ) (1024 -1080 16 ) (1024 -1080 232 ) 
4 14 16 0 (1024 -1472 16 ) (1344 -1472 16 ) (1344 -1472 200 ) (1024 -1472 200 ) 
4 14 15 0 (1344 -1472 208 ) (1344 -1472 232 ) (1024 -1472 232 ) (1024 -1472 208 ) 
4 15 52 0 (1024 -1536 208 ) (1024 -1536 232 ) (1024 -1472 232 ) (1024 -1472 208 ) 
4 16 53 0 (1024 -1472 16 ) (1024 -1536 16 ) (1024 -1536 200 ) (1024 -1472 200 ) 
4 17 54 0 (1024 -2048 16 ) (1024 -2048 232 ) (1024 -1552 232 ) (1024 -1552 16 ) 
4 17 51 0 (1024 -2048 232 ) (1024 -2048 472 ) (1024 -1552 472 ) (1024 -1552 232 ) 
4 17 21 0 (1024 -2048 472 ) (1024 -2048 16 ) (1360 -2048 16 ) (1360 -2048 472 ) 
4 17 18 0 (1360 -1656 16 ) (1360 -2048 16 ) (1024 -2048 16 ) (1024 -1656 16 ) 
4 18 55 0 (1024 -2048 0 ) (1024 -2048 16 ) (1024 -1656 16 ) (1024 -1928 0 ) 
4 18 21 0 (1024 -2048 16 ) (1024 -2048 0 ) (1360 -2048 0 ) (1360 -2048 16 ) 
4 19 20 0 (1360 -2120 472 ) (1360 -2120 288 ) (1400 -2120 288 ) (1400 -2120 472 ) 
4 19 21 0 (1360 -2120 288 ) (1360 -2120 472 ) (1360 -2048 472 ) (1360 -2048 288 ) 
4 20 21 0 (1360 -2120 0 ) (1360 -2736 0 ) (1360 -2736 472 ) (1360 -2120 472 ) 
4 21 56 0 (1024 -2048 472 ) (1024 -2048 0 ) (1024 -2736 0 ) (1024 -2736 472 ) 
4 22 57 0 (0 224 120 ) (0 224 472 ) (0 264 472 ) (0 264 264 ) 
4 22 24 0 (512 224 120 ) (512 224 472 ) (0 224 472 ) (0 224 120 ) 
4 23 60 0 (0 256 16 ) (0 224 16 ) (0 224 112 ) (0 256 112 ) 
4 23 24 0 (0 224 16 ) (512 224 16 ) (512 224 112 ) (0 224 112 ) 
4 24 60 0 (0 224 16 ) (0 32 16 ) (0 32 112 ) (0 224 112 ) 
4 24 58 0 (0 32 112 ) (0 32 472 ) (0 224 472 ) (0 224 112 ) 
5 24 28 0 (0 32 16 ) (0 192 16 ) (128 192 16 ) (192 128 16 ) (192 32 16 ) 
4 24 26 0 (0 32 472 ) (0 32 16 ) (512 32 16 ) (512 32 472 ) 
4 25 30 0 (632 0 16 ) (1024 0 16 ) (1024 0 472 ) (632 0 472 ) 
4 25 27 0 (1024 0 16 ) (632 0 16 ) (632 32 16 ) (1024 32 16 ) 
4 26 60 0 (0 32 16 ) (0 0 16 ) (0 0 112 ) (0 32 112 ) 
4 26 58 0 (0 0 112 ) (0 0 472 ) (0 32 472 ) (0 32 112 ) 
4 26 35 0 (240 0 16 ) (512 0 16 ) (512 0 112 ) (240 0 112 ) 
4 26 31 0 (512 0 112 ) (512 0 472 ) (240 0 472 ) (240 0 112 ) 
4 26 38 0 (0 0 472 ) (0 0 16 ) (240 0 16 ) (240 0 472 ) 
4 26 28 0 (192 0 16 ) (0 0 16 ) (0 32 16 ) (192 32 16 ) 
4 27 44 0 (632 0 8 ) (1024 0 8 ) (1024 0 16 ) (632 0 16 ) 
4 28 62 0 (0 128 8 ) (0 0 8 ) (0 0 16 ) (0 192 16 ) 
4 28 46 0 (0 0 16 ) (0 0 8 ) (128 0 8 ) (192 0 16 ) 
4 29 63 0 (0 272 0 ) (0 272 -8 ) (0 0 -8 ) (0 0 0 ) 
4 29 47 0 (0 0 0 ) (0 0 -8 ) (1024 0 -8 ) (1024 0 0 ) 
4 30 44 0 (632 0 16 ) (1024 0 16 ) (1024 -376 16 ) (632 -376 16 ) 
4 31 35 0 (240 -240 112 ) (240 0 112 ) (512 0 112 ) (512 -240 112 ) 
4 31 33 0 (240 -240 120 ) (512 -240 120 ) (512 -240 472 ) (298.666687 -240 472 ) 
3 31 32 0 (240 -240 472 ) (240 -240 120 ) (298.666687 -240 472 ) 
4 31 38 0 (240 -240 472 ) (240 0 472 ) (240 0 112 ) (240 -240 112 ) 
4 32 34 0 (264 -264 264.003540 ) (298.666168 -264 472 ) (298.666168 -512 472 ) (264 -512 264.003510 ) 
4 32 33 0 (240 -240 120.003891 ) (298.666168 -240 472 ) (298.666168 -264 472 ) (264 -264 264 ) 
4 32 38 0 (240 -512 120 ) (240 -512 472 ) (240 -240 472 ) (240 -240 120 ) 
4 33 34 0 (298.662781 -264 472 ) (263.996124 -264 264 ) (512 -264 264 ) (512 -264 472 ) 
4 34 36 0 (264 -264 112 ) (512 -264 112 ) (512 -512 112 ) (264 -512 112 ) 
4 35 37 0 (256 -256 112 ) (240 -256 112 ) (240 -256 16 ) (256 -256 16 ) 
4 35 38 0 (240 0 16 ) (240 -256 16 ) (240 -256 112 ) (240 0 112 ) 
4 36 45 0 (512 -512 16 ) (264 -512 16 ) (264 -264 16 ) (512 -264 16 ) 
4 37 38 0 (240 -256 16 ) (240 -512 16 ) (240 -512 112 ) (240 -256 112 ) 
4 38 64 0 (0 -512 472 ) (0 0 472 ) (0 0 16 ) (0 -512 16 ) 
5 38 46 0 (0 -192 16 ) (0 0 16 ) (192 0 16 ) (192 -128 16 ) (128 -192 16 ) 
4 38 39 0 (0 -512 16 ) (200 -512 16 ) (200 -512 472 ) (0 -512 472 ) 
4 39 64 0 (0 -552 472 ) (0 -512 472 ) (0 -512 16 ) (0 -552 16 ) 
4 39 40 0 (0 -552 16 ) (200 -552 16 ) (200 -552 472 ) (0 -552 472 ) 
4 40 70 0 (0 -776 472 ) (0 -552 472 ) (0 -552 16 ) (0 -776 16 ) 
4 41 48 0 (816 -1024 16 ) (1024 -1024 16 ) (1024 -1024 472 ) (816 -1024 472 ) 
4 42 49 0 (616 -1024 16 ) (768 -1024 16 ) (768 -1024 472 ) (616 -1024 472 ) 
4 42 43 0 (616 -816 472 ) (616 -816 16 ) (616 -1000 16 ) (616 -1000 472 ) 
4 43 73 0 (0 -1000 472 ) (0 -816 472 ) (0 -816 16 ) (0 -1000 16 ) 
4 46 74 0 (0 -192 16 ) (0 0 16 ) (0 0 8 ) (0 -128 8 ) 
4 47 75 0 (0 0 -8 ) (0 -1024 -8 ) (0 -1024 0 ) (0 0 0 ) 
4 48 50 0 (816 -1080 16 ) (1024 -1080 16 ) (1024 -1080 472 ) (816 -1080 472 ) 
4 49 50 0 (616 -1080 16 ) (768 -1080 16 ) (768 -1080 472 ) (616 -1080 472 ) 
4 50 76 0 (0 -1472 472 ) (0 -1080 472 ) (0 -1080 16 ) (0 -1472 16 ) 
4 50 52 0 (1024 -1472 208 ) (1024 -1472 232 ) (0 -1472 232 ) (0 -1472 208 ) 
4 50 53 0 (0 -1472 16 ) (1024 -1472 16 ) (1024 -1472 200 ) (0 -1472 200 ) 
4 50 51 0 (1024 -1472 232 ) (1024 -1472 472 ) (0 -1472 472 ) (0 -1472 232 ) 
4 51 79 0 (0 -1552 472 ) (0 -1536 472 ) (0 -1536 232 ) (0 -1552 232 ) 
4 51 77 0 (0 -1536 472 ) (0 -1472 472 ) (0 -1472 232 ) (0 -1536 232 ) 
4 51 80 0 (0 -2048 232 ) (0 -2048 472 ) (0 -1552 472 ) (0 -1552 232 ) 
4 51 56 0 (0 -2048 472 ) (0 -2048 232 ) (1024 -2048 232 ) (1024 -2048 472 ) 
4 51 52 0 (0 -1536 232 ) (0 -1472 232 ) (1024 -1472 232 ) (1024 -1536 232 ) 
4 51 54 0 (1024 -2048 232 ) (0 -2048 232 ) (0 -1552 232 ) (1024 -1552 232 ) 
4 52 77 0 (0 -1536 232 ) (0 -1472 232 ) (0 -1472 208 ) (0 -1536 208 ) 
4 53 78 0 (0 -1472 200 ) (0 -1472 16 ) (0 -1536 16 ) (0 -1536 200 ) 
4 54 80 0 (0 -2048 16 ) (0 -2048 232 ) (0 -1552 232 ) (0 -1552 16 ) 
4 54 56 0 (0 -2048 232 ) (0 -2048 16 ) (1024 -2048 16 ) (1024 -2048 232 ) 
4 54 55 0 (1024 -2048 16 ) (0 -2048 16 ) (0 -1656 16 ) (1024 -1656 16 ) 
4 55 81 0 (0 -2048 0 ) (0 -2048 16 ) (0 -1656 16 ) (0 -1928 0 ) 
4 55 56 0 (0 -2048 16 ) (0 -2048 0 ) (1024 -2048 0 ) (1024 -2048 16 ) 
4 56 83 0 (0 -2048 472 ) (0 -2048 0 ) (0 -2736 0 ) (0 -2736 472 ) 
4 57 59 0 (-264 224 264 ) (-307.789490 224 472 ) (-307.789490 264 472 ) (-264 264 264 ) 
4 57 58 0 (-307.797729 224 472 ) (-233.692474 224 120 ) (0 224 120 ) (0 224 472 ) 
4 58 66 0 (-264 0 264 ) (-232 0 112 ) (-56 0 112 ) (-56 0 245.913025 ) 
4 58 65 0 (-56 0 472 ) (-307.789490 0 472 ) (-264 0 264 ) (-56 0 245.913025 ) 
4 58 64 0 (0 0 112 ) (0 0 472 ) (-56 0 472 ) (-56 0 112 ) 
4 58 60 0 (0 0 112 ) (-232 0 112 ) (-232 224 112 ) (0 224 112 ) 
4 58 59 0 (-264 0 264 ) (-307.789490 0 472 ) (-307.789490 224 472 ) (-264 224 264 ) 
4 59 65 0 (-307.789490 0 472 ) (-440 0 472 ) (-440 0 279.304321 ) (-264 0 264 ) 
4 60 67 0 (-256 0 16 ) (-56 0 16 ) (-56 0 112 ) (-256 0 112 ) 
4 60 64 0 (-56 0 16 ) (0 0 16 ) (0 0 112 ) (-56 0 112 ) 
5 60 62 0 (0 0 16 ) (-192 0 16 ) (-192 128 16 ) (-128 192 16 ) (0 192 16 ) 
4 61 86 0 (-1024 0 16 ) (-1024 0 472 ) (-1024 24 472 ) (-1024 24 16 ) 
4 61 69 0 (-704 0 16 ) (-656 0 16 ) (-656 0 472 ) (-704 0 472 ) 
4 61 68 0 (-656 0 16 ) (-488 0 16 ) (-488 0 472 ) (-656 0 472 ) 
4 61 71 0 (-1024 0 472 ) (-1024 0 16 ) (-704 0 16 ) (-704 0 472 ) 
4 62 74 0 (-128 0 8 ) (0 0 8 ) (0 0 16 ) (-192 0 16 ) 
4 63 87 0 (-1024 272 -8 ) (-1024 0 -8 ) (-1024 0 0 ) (-1024 272 0 ) 
4 63 75 0 (-1024 0 0 ) (-1024 0 -8 ) (0 0 -8 ) (0 0 0 ) 
4 64 74 0 (-56 0 16 ) (0 0 16 ) (0 -192 16 ) (-56 -192 16 ) 
4 64 70 0 (-56 -552 16 ) (0 -552 16 ) (0 -552 472 ) (-56 -552 472 ) 
4 64 67 0 (-56 0 16 ) (-56 -512 16 ) (-56 -512 112 ) (-56 0 112 ) 
4 64 66 0 (-56 -512 112 ) (-56 -512 245.913025 ) (-56 0 245.913040 ) (-56 0 112 ) 
4 64 65 0 (-56 -512 245.913025 ) (-56 -512 472 ) (-56 0 472 ) (-56 0 245.913040 ) 
4 65 66 0 (-264 0 264 ) (-56 0 245.913422 ) (-56 -512 245.913422 ) (-264 -512 264 ) 
4 66 67 0 (-56 -512 112 ) (-232 -512 112 ) (-232 0 112 ) (-56 0 112 ) 
5 67 74 0 (-192 0 16 ) (-56 0 16 ) (-56 -192 16 ) (-128 -192 16 ) (-192 -128 16 ) 
4 68 70 0 (-656 -552 16 ) (-488 -552 16 ) (-488 -552 472 ) (-656 -552 472 ) 
4 68 69 0 (-656 0 16 ) (-656 -184 16 ) (-656 -184 472 ) (-656 0 472 ) 
4 69 71 0 (-704 0 16 ) (-704 -184 16 ) (-704 -184 472 ) (-704 0 472 ) 
4 70 72 0 (-352 -776 16 ) (-112 -776 16 ) (-112 -776 472 ) (-352 -776 472 ) 
4 71 110 0 (-1024 -640 16 ) (-1024 -776 16 ) (-1024 -776 472 ) (-1024 -640 472 ) 
4 71 91 0 (-1024 -128 16 ) (-1024 -640 16 ) (-1024 -640 24 ) (-1024 -128 24 ) 
4 71 89 0 (-1024 -640 160 ) (-1024 -640 472 ) (-1024 -128 472 ) (-1024 -128 160 ) 
4 71 90 0 (-1024 -640 24 ) (-1024 -640 160 ) (-1024 -128 160 ) (-1024 -128 24 ) 
4 71 88 0 (-1024 0 472 ) (-1024 0 16 ) (-1024 -128 16 ) (-1024 -128 472 ) 
4 72 73 0 (-352 -816 472 ) (-352 -816 16 ) (-112 -816 16 ) (-112 -816 472 ) 
4 75 111 0 (-1024 0 -8 ) (-1024 -1024 -8 ) (-1024 -1024 0 ) (-1024 0 0 ) 
4 76 77 0 (0 -1472 208 ) (0 -1472 472 ) (-489.543823 -1472 472 ) (-489.543854 -1472 208 ) 
4 76 78 0 (-489.543854 -1472 16 ) (0 -1472 16 ) (0 -1472 200 ) (-489.543854 -1472 200 ) 
4 77 79 0 (-512 -1536 472 ) (-512 -1536 232 ) (0 -1536 232 ) (0 -1536 472 ) 
4 79 82 0 (-512 -1552 312 ) (-512 -1552 472 ) (-512 -1536 472 ) (-512 -1536 312 ) 
4 79 80 0 (-512 -1552 472 ) (-512 -1552 232 ) (0 -1552 232 ) (0 -1552 472 ) 
4 80 83 0 (0 -2048 16 ) (0 -2048 472 ) (-512 -2048 472 ) (-512 -2048 16 ) 
4 80 82 0 (-512 -2048 312 ) (-512 -2048 472 ) (-512 -1552 472 ) (-512 -1552 312 ) 
4 80 81 0 (0 -2048 16 ) (-512 -2048 16 ) (-512 -1656 16 ) (0 -1656 16 ) 
4 81 83 0 (-512 -2048 0 ) (0 -2048 0 ) (0 -2048 16 ) (-512 -2048 16 ) 
4 82 84 0 (-512 -2048 312 ) (-512 -2048 472 ) (-576 -2048 472 ) (-576 -2048 312 ) 
4 83 85 0 (-512 -2120 0 ) (-512 -2736 0 ) (-512 -2736 312 ) (-512 -2120 312 ) 
4 83 84 0 (-512 -2736 312 ) (-512 -2736 472 ) (-512 -2048 472 ) (-512 -2048 312 ) 
4 84 85 0 (-576 -2736 312 ) (-576 -2120 312 ) (-512 -2120 312 ) (-512 -2736 312 ) 
4 86 88 0 (-1024 0 16 ) (-1024 0 472 ) (-1568 0 472 ) (-1568 0 16 ) 
4 87 111 0 (-1576 0 0 ) (-1576 0 -8 ) (-1024 0 -8 ) (-1024 0 0 ) 
4 88 109 0 (-1536 -128 472 ) (-1568 -128 472 ) (-1568 -128 16 ) (-1536 -128 16 ) 
4 88 105 0 (-1344 -128 472 ) (-1536 -128 472 ) (-1536 -128 312 ) (-1344 -128 312 ) 
4 88 101 0 (-1336 -128 472 ) (-1344 -128 472 ) (-1344 -128 312 ) (-1336 -128 312 ) 
4 88 100 0 (-1336 -128 304 ) (-1336 -128 168 ) (-1176 -128 168 ) (-1176 -128 304 ) 
5 88 99 0 (-1176 -128 472 ) (-1336 -128 472 ) (-1336 -128 312 ) (-1328 -128 304 ) (-1176 -128 304 ) 
4 88 94 0 (-1168 -128 472 ) (-1176 -128 472 ) (-1176 -128 168 ) (-1168 -128 168 ) 
4 88 92 0 (-1096 -128 24 ) (-1168 -128 24 ) (-1168 -128 16 ) (-1096 -128 16 ) 
4 88 91 0 (-1024 -128 16 ) (-1024 -128 24 ) (-1096 -128 24 ) (-1096 -128 16 ) 
5 88 89 0 (-1024 -128 160 ) (-1024 -128 472 ) (-1168 -128 472 ) (-1168 -128 168 ) (-1160 -128 160 ) 
4 88 90 0 (-1024 -128 24 ) (-1024 -128 160 ) (-1168 -128 160 ) (-1168 -128 24 ) 
5 89 110 0 (-1024 -640 160 ) (-1024 -640 472 ) (-1168 -640 472 ) (-1168 -640 168 ) (-1160 -640 160 ) 
4 89 94 0 (-1168 -128 472 ) (-1168 -128 168 ) (-1168 -640 168 ) (-1168 -640 472 ) 
4 89 90 0 (-1024 -640 160 ) (-1160 -640 160 ) (-1160 -128 160 ) (-1024 -128 160 ) 
4 90 110 0 (-1024 -640 24 ) (-1024 -640 160 ) (-1168 -640 160 ) (-1168 -640 24 ) 
4 90 98 0 (-1168 -600 128 ) (-1168 -544 128 ) (-1168 -544 56 ) (-1168 -600 56 ) 
4 90 97 0 (-1168 -512 128 ) (-1168 -456 128 ) (-1168 -456 56 ) (-1168 -512 56 ) 
4 90 96 0 (-1168 -416 128 ) (-1168 -360 128 ) (-1168 -360 56 ) (-1168 -416 56 ) 
4 90 95 0 (-1168 -208 24 ) (-1168 -264 24 ) (-1168 -264 112 ) (-1168 -208 112 ) 
4 90 93 0 (-1096 -640 24 ) (-1168 -640 24 ) (-1168 -264 24 ) (-1096 -264 24 ) 
4 90 92 0 (-1168 -208 24 ) (-1168 -128 24 ) (-1096 -128 24 ) (-1096 -208 24 ) 
4 90 91 0 (-1024 -640 24 ) (-1096 -640 24 ) (-1096 -128 24 ) (-1024 -128 24 ) 
4 91 110 0 (-1024 -640 16 ) (-1024 -640 24 ) (-1096 -640 24 ) (-1096 -640 16 ) 
4 91 93 0 (-1096 -264 16 ) (-1096 -640 16 ) (-1096 -640 24 ) (-1096 -264 24 ) 
4 91 92 0 (-1096 -128 16 ) (-1096 -208 16 ) (-1096 -208 24 ) (-1096 -128 24 ) 
4 93 110 0 (-1096 -640 24 ) (-1168 -640 24 ) (-1168 -640 16 ) (-1096 -640 16 ) 
4 94 110 0 (-1168 -640 168 ) (-1168 -640 472 ) (-1176 -640 472 ) (-1176 -640 168 ) 
4 94 100 0 (-1176 -128 304 ) (-1176 -128 168 ) (-1176 -640 168 ) (-1176 -640 304 ) 
4 94 99 0 (-1176 -128 472 ) (-1176 -128 304 ) (-1176 -640 304 ) (-1176 -640 472 ) 
4 95 108 0 (-1176 -264 24 ) (-1176 -264 112 ) (-1176 -208 112 ) (-1176 -208 24 ) 
4 96 108 0 (-1176 -416 128 ) (-1176 -360 128 ) (-1176 -360 56 ) (-1176 -416 56 ) 
4 97 108 0 (-1176 -512 128 ) (-1176 -456 128 ) (-1176 -456 56 ) (-1176 -512 56 ) 
4 98 108 0 (-1176 -600 128 ) (-1176 -544 128 ) (-1176 -544 56 ) (-1176 -600 56 ) 
5 99 110 0 (-1176 -640 304 ) (-1176 -640 472 ) (-1336 -640 472 ) (-1336 -640 312 ) (-1328 -640 304 ) 
4 99 101 0 (-1336 -128 472 ) (-1336 -128 312 ) (-1336 -640 312 ) (-1336 -640 472 ) 
4 99 100 0 (-1328 -128 304 ) (-1176 -128 304 ) (-1176 -640 304 ) (-1328 -640 304 ) 
4 100 110 0 (-1176 -640 168 ) (-1176 -640 304 ) (-1336 -640 304 ) (-1336 -640 168 ) 
4 100 104 0 (-1336 -392 200 ) (-1336 -448 200 ) (-1336 -448 272 ) (-1336 -392 272 ) 
4 100 103 0 (-1336 -280 200 ) (-1336 -336 200 ) (-1336 -336 272 ) (-1336 -280 272 ) 
4 100 102 0 (-1336 -168 200 ) (-1336 -224 200 ) (-1336 -224 272 ) (-1336 -168 272 ) 
4 101 110 0 (-1344 -640 472 ) (-1344 -640 312 ) (-1336 -640 312 ) (-1336 -640 472 ) 
4 101 105 0 (-1344 -128 472 ) (-1344 -128 312 ) (-1344 -640 312 ) (-1344 -640 472 ) 
4 102 106 0 (-1344 -168 200 ) (-1344 -224 200 ) (-1344 -224 272 ) (-1344 -168 272 ) 
4 103 107 0 (-1344 -280 200 ) (-1344 -336 200 ) (-1344 -336 272 ) (-1344 -280 272 ) 
4 104 107 0 (-1344 -392 200 ) (-1344 -448 200 ) (-1344 -448 272 ) (-1344 -392 272 ) 
4 105 110 0 (-1536 -640 472 ) (-1536 -640 312 ) (-1344 -640 312 ) (-1344 -640 472 ) 
4 105 109 0 (-1536 -128 472 ) (-1536 -128 312 ) (-1536 -640 312 ) (-1536 -640 472 ) 
4 106 108 0 (-1528 -136 160 ) (-1344 -136 160 ) (-1344 -264 160 ) (-1528 -264 160 ) 
4 106 107 0 (-1528 -264 304 ) (-1528 -264 168 ) (-1344 -264 168 ) (-1344 -264 304 ) 
4 109 110 0 (-1536 -640 16 ) (-1536 -640 472 ) (-1568 -640 472 ) (-1568 -640 16 ) 
4 111 113 0 (-1576 -1024 -8 ) (-1024 -1024 -8 ) (-1024 -1024 0 ) (-1576 -1024 0 ) 
4 112 113 0 (-1024 -2048 0 ) (-1576 -2048 0 ) (-1576 -1024 0 ) (-1024 -1024 0 ) 
4 113 114 0 (-1576 -2048 0 ) (-1576 -2048 -8 ) (-1024 -2048 -8 ) (-1024 -2048 0 ) 
4 0 (1024 32 8 ) (1392 32 8 ) (1392 0 8 ) (1024 0 8 ) 
4 0 (1392 32 472 ) (1392 32 8 ) (1024 32 8 ) (1024 32 472 ) 
4 0 (1392 32 8 ) (1392 32 472 ) (1392 0 472 ) (1392 0 8 ) 
4 0 (1024 0 472 ) (1392 0 472 ) (1392 32 472 ) (1024 32 472 ) 
4 1 (1392 32 0 ) (1024 32 0 ) (1024 0 0 ) (1392 0 0 ) 
4 1 (1392 32 0 ) (1392 272 0 ) (1024 272 0 ) (1024 32 0 ) 
4 1 (1408 272 0 ) (1392 272 0 ) (1392 0 0 ) (1408 0 0 ) 
4 1 (1408 0 -8 ) (1408 272 -8 ) (1408 272 0 ) (1408 0 0 ) 
4 1 (1408 272 0 ) (1408 272 -8 ) (1024 272 -8 ) (1024 272 0 ) 
4 1 (1024 0 -8 ) (1024 272 -8 ) (1408 272 -8 ) (1408 0 -8 ) 
4 2 (1400 -168 176 ) (1400 -56 176 ) (1392 -56 176 ) (1392 -168 176 ) 
4 2 (1392 -168 8 ) (1392 -56 8 ) (1400 -56 8 ) (1400 -168 8 ) 
4 2 (1400 -56 176 ) (1400 -56 8 ) (1392 -56 8 ) (1392 -56 176 ) 
4 2 (1400 -168 176 ) (1400 -168 8 ) (1400 -56 8 ) (1400 -56 176 ) 
4 2 (1392 -168 8 ) (1400 -168 8 ) (1400 -168 176 ) (1392 -168 176 ) 
4 3 (1344 -264 472 ) (1392 -264 472 ) (1392 0 472 ) (1344 0 472 ) 
4 3 (1392 -56 472 ) (1392 -56 16 ) (1392 0 16 ) (1392 0 472 ) 
4 3 (1392 -264 176 ) (1392 -56 176 ) (1392 -56 472 ) (1392 -264 472 ) 
4 3 (1392 -264 16 ) (1392 -168 16 ) (1392 -168 176 ) (1392 -264 176 ) 
4 3 (1344 -264 472 ) (1344 -264 16 ) (1392 -264 16 ) (1392 -264 472 ) 
4 4 (1344 -376 16 ) (1344 -512 16 ) (1024 -512 16 ) (1024 -376 16 ) 
4 4 (1024 -512 16 ) (1128 -512 16 ) (1128 -512 472 ) (1024 -512 472 ) 
4 4 (1024 -512 472 ) (1344 -512 472 ) (1344 0 472 ) (1024 0 472 ) 
4 4 (1344 -264 472 ) (1344 -512 472 ) (1344 -512 16 ) (1344 -264 16 ) 
4 5 (1344 -512 16 ) (1344 -776 16 ) (1128 -776 16 ) (1128 -512 16 ) 
4 5 (1128 -776 16 ) (1344 -776 16 ) (1344 -776 472 ) (1128 -776 472 ) 
4 5 (1128 -512 472 ) (1128 -512 16 ) (1128 -552 16 ) (1128 -552 472 ) 
4 5 (1344 -512 472 ) (1344 -776 472 ) (1344 -776 16 ) (1344 -512 16 ) 
4 5 (1128 -512 472 ) (1128 -776 472 ) (1344 -776 472 ) (1344 -512 472 ) 
4 6 (1128 -776 16 ) (1024 -776 16 ) (1024 -552 16 ) (1128 -552 16 ) 
4 6 (1024 -776 16 ) (1128 -776 16 ) (1128 -776 472 ) (1024 -776 472 ) 
4 6 (1128 -552 472 ) (1024 -552 472 ) (1024 -776 472 ) (1128 -776 472 ) 
4 6 (1024 -552 472 ) (1128 -552 472 ) (1128 -552 16 ) (1024 -552 16 ) 
4 7 (1360 -816 232 ) (1360 -816 472 ) (1360 -1024 472 ) (1360 -1024 232 ) 
4 7 (1360 -816 472 ) (1344 -816 472 ) (1344 -1024 472 ) (1360 -1024 472 ) 
4 7 (1344 -816 232 ) (1344 -816 472 ) (1360 -816 472 ) (1360 -816 232 ) 
4 7 (1344 -1024 232 ) (1344 -816 232 ) (1360 -816 232 ) (1360 -1024 232 ) 
4 8 (1344 -1024 16 ) (1024 -1024 16 ) (1024 -816 16 ) (1344 -816 16 ) 
4 8 (1344 -1024 232 ) (1344 -1024 16 ) (1344 -816 16 ) (1344 -816 232 ) 
4 8 (1024 -816 472 ) (1344 -816 472 ) (1344 -816 16 ) (1024 -816 16 ) 
4 8 (1344 -816 472 ) (1024 -816 472 ) (1024 -1024 472 ) (1344 -1024 472 ) 
4 9 (1344 -264 8 ) (1392 -264 8 ) (1392 -264 16 ) (1344 -264 16 ) 
4 9 (1024 0 8 ) (1392 0 8 ) (1392 -264 8 ) (1024 -264 8 ) 
4 9 (1392 -56 16 ) (1392 -56 8 ) (1392 0 8 ) (1392 0 16 ) 
4 9 (1392 -264 8 ) (1392 -168 8 ) (1392 -168 16 ) (1392 -264 16 ) 
3 10 (1344 -376 16 ) (1344 -264 8 ) (1344 -264 16 ) 
4 10 (1024 -264 8 ) (1344 -264 8 ) (1344 -376 16 ) (1024 -376 16 ) 
4 11 (1024 -1024 0 ) (1024 -1024 -8 ) (1408 -1024 -8 ) (1408 -1024 0 ) 
4 11 (1392 0 0 ) (1024 0 0 ) (1024 -1024 0 ) (1392 -1024 0 ) 
4 11 (1408 -56 0 ) (1392 -56 0 ) (1392 -1024 0 ) (1408 -1024 0 ) 
4 11 (1408 -56 0 ) (1408 0 0 ) (1392 0 0 ) (1392 -56 0 ) 
4 11 (1408 -1024 -8 ) (1408 0 -8 ) (1408 0 0 ) (1408 -1024 0 ) 
4 11 (1024 -1024 -8 ) (1024 0 -8 ) (1408 0 -8 ) (1408 -1024 -8 ) 
4 12 (1400 -2048 472 ) (1400 -2048 288 ) (1400 -1808 288 ) (1400 -1808 472 ) 
4 12 (1400 -1808 472 ) (1360 -1808 472 ) (1360 -2048 472 ) (1400 -2048 472 ) 
4 12 (1400 -1808 472 ) (1400 -1808 288 ) (1360 -1808 288 ) (1360 -1808 472 ) 
4 12 (1360 -2048 288 ) (1360 -1808 288 ) (1400 -1808 288 ) (1400 -2048 288 ) 
4 13 (1344 -1552 232 ) (1024 -1552 232 ) (1024 -1536 232 ) (1344 -1536 232 ) 
4 13 (1360 -1552 232 ) (1344 -1552 232 ) (1344 -1024 232 ) (1360 -1024 232 ) 
4 13 (1360 -1552 472 ) (1360 -1024 472 ) (1024 -1024 472 ) (1024 -1552 472 ) 
4 13 (1360 -1552 232 ) (1360 -1024 232 ) (1360 -1024 472 ) (1360 -1552 472 ) 
4 14 (1024 -1024 16 ) (1344 -1024 16 ) (1344 -1472 16 ) (1024 -1472 16 ) 
4 14 (1344 -1472 200 ) (1344 -1472 208 ) (1024 -1472 208 ) (1024 -1472 200 ) 
4 14 (1344 -1024 232 ) (1344 -1472 232 ) (1344 -1472 16 ) (1344 -1024 16 ) 
4 15 (1344 -1536 208 ) (1024 -1536 208 ) (1024 -1472 208 ) (1344 -1472 208 ) 
4 15 (1344 -1472 208 ) (1344 -1472 232 ) (1344 -1536 232 ) (1344 -1536 208 ) 
4 15 (1344 -1536 208 ) (1344 -1536 232 ) (1024 -1536 232 ) (1024 -1536 208 ) 
4 16 (1344 -1472 16 ) (1344 -1536 16 ) (1024 -1536 16 ) (1024 -1472 16 ) 
4 16 (1024 -1536 16 ) (1344 -1536 16 ) (1344 -1536 200 ) (1024 -1536 200 ) 
4 16 (1344 -1472 200 ) (1344 -1536 200 ) (1344 -1536 16 ) (1344 -1472 16 ) 
4 16 (1344 -1472 200 ) (1024 -1472 200 ) (1024 -1536 200 ) (1344 -1536 200 ) 
4 17 (1360 -1552 16 ) (1360 -1656 16 ) (1024 -1656 16 ) (1024 -1552 16 ) 
4 17 (1024 -1552 232 ) (1344 -1552 232 ) (1344 -1552 16 ) (1024 -1552 16 ) 
4 17 (1344 -1552 232 ) (1360 -1552 232 ) (1360 -1552 16 ) (1344 -1552 16 ) 
4 17 (1360 -1808 16 ) (1360 -1808 288 ) (1360 -2048 288 ) (1360 -2048 16 ) 
4 17 (1360 -1552 16 ) (1360 -1552 472 ) (1360 -1808 472 ) (1360 -1808 16 ) 
4 17 (1360 -1552 472 ) (1024 -1552 472 ) (1024 -2048 472 ) (1360 -2048 472 ) 
5 18 (1360 -1808 7.058820 ) (1360 -1808 16 ) (1360 -2048 16 ) (1360 -2048 0 ) (1360 -1928 0 ) 
3 18 (1360 -1656 16 ) (1360 -1808 16 ) (1360 -1808 7.058820 ) 
4 18 (1360 -2048 0 ) (1024 -2048 0 ) (1024 -1928 0 ) (1360 -1928 0 ) 
4 18 (1024 -1656 16 ) (1360 -1656 16 ) (1360 -1928 0 ) (1024 -1928 0 ) 
4 19 (1400 -2120 472 ) (1400 -2048 472 ) (1360 -2048 472 ) (1360 -2120 472 ) 
4 19 (1400 -2048 288 ) (1400 -2048 472 ) (1400 -2120 472 ) (1400 -2120 288 ) 
4 19 (1400 -2120 288 ) (1360 -2120 288 ) (1360 -2048 288 ) (1400 -2048 288 ) 
4 20 (1400 -2120 288 ) (1400 -2120 0 ) (1360 -2120 0 ) (1360 -2120 288 ) 
4 20 (1400 -2120 472 ) (1400 -2736 472 ) (1400 -2736 0 ) (1400 -2120 0 ) 
4 20 (1400 -2120 472 ) (1360 -2120 472 ) (1360 -2736 472 ) (1400 -2736 472 ) 
4 20 (1400 -2120 0 ) (1400 -2736 0 ) (1360 -2736 0 ) (1360 -2120 0 ) 
4 20 (1360 -2736 0 ) (1400 -2736 0 ) (1400 -2736 472 ) (1360 -2736 472 ) 
4 21 (1360 -2048 288 ) (1360 -2120 288 ) (1360 -2120 0 ) (1360 -2048 0 ) 
4 21 (1360 -2048 472 ) (1024 -2048 472 ) (1024 -2736 472 ) (1360 -2736 472 ) 
4 21 (1024 -2736 0 ) (1024 -2048 0 ) (1360 -2048 0 ) (1360 -2736 0 ) 
4 21 (1024 -2736 472 ) (1024 -2736 0 ) (1360 -2736 0 ) (1360 -2736 472 ) 
4 22 (512 224 120 ) (512 264 264 ) (512 264 472 ) (512 224 472 ) 
4 22 (512 264 472 ) (512 264 264 ) (0 264 264 ) (0 264 472 ) 
4 22 (512 224 472 ) (512 264 472 ) (0 264 472 ) (0 224 472 ) 
4 22 (512 264 263.991211 ) (512 224 119.993774 ) (0 224 119.993752 ) (0 264 263.991211 ) 
4 23 (0 224 16 ) (0 256 16 ) (512 256 16 ) (512 224 16 ) 
4 23 (512 256 112 ) (512 224 112 ) (512 224 16 ) (512 256 16 ) 
4 23 (512 256 112 ) (0 256 112 ) (0 224 112 ) (512 224 112 ) 
4 23 (0 256 112 ) (512 256 112 ) (512 256 16 ) (0 256 16 ) 
3 24 (192 128 16 ) (288 32 16 ) (192 32 16 ) 
4 24 (128 192 16 ) (512 192 16 ) (512 32 16 ) (288 32 16 ) 
4 24 (0 192 16 ) (0 224 16 ) (512 224 16 ) (512 192 16 ) 
4 24 (0 224 112 ) (0 224 120 ) (512 224 120 ) (512 224 112 ) 
4 24 (512 224 16 ) (512 224 472 ) (512 32 472 ) (512 32 16 ) 
4 24 (512 224 472 ) (0 224 472 ) (0 32 472 ) (512 32 472 ) 
4 25 (632 32 472 ) (1024 32 472 ) (1024 32 16 ) (632 32 16 ) 
4 25 (1024 32 472 ) (632 32 472 ) (632 0 472 ) (1024 0 472 ) 
4 25 (632 0 472 ) (632 32 472 ) (632 32 16 ) (632 0 16 ) 
4 26 (320 0 16 ) (192 0 16 ) (192 32 16 ) (288 32 16 ) 
4 26 (512 0 16 ) (320 0 16 ) (288 32 16 ) (512 32 16 ) 
4 26 (512 0 16 ) (512 32 16 ) (512 32 472 ) (512 0 472 ) 
4 26 (512 32 472 ) (0 32 472 ) (0 0 472 ) (512 0 472 ) 
4 27 (632 32 8 ) (632 0 8 ) (632 0 16 ) (632 32 16 ) 
4 27 (1024 0 8 ) (632 0 8 ) (632 32 8 ) (1024 32 8 ) 
4 27 (1024 32 16 ) (1024 32 8 ) (632 32 8 ) (632 32 16 ) 
4 28 (127.988289 128.015625 8 ) (127.988289 192.015625 16 ) (192 128 16 ) (128 128.003906 8 ) 
4 28 (128 0 8 ) (0 0 8 ) (0 128 8 ) (128 128 8 ) 
4 28 (0 192 16 ) (128 192 16 ) (128 128 8 ) (0 128 8 ) 
4 28 (127.992195 0 8 ) (127.992188 128 8 ) (192 128 16 ) (192 0 16 ) 
4 29 (1024 272 0 ) (0 272 0 ) (0 0 0 ) (1024 0 0 ) 
4 29 (1024 272 -8 ) (0 272 -8 ) (0 272 0 ) (1024 272 0 ) 
4 29 (0 0 -8 ) (0 272 -8 ) (1024 272 -8 ) (1024 0 -8 ) 
4 30 (1024 -376 16 ) (1024 -512 16 ) (632 -512 16 ) (632 -376 16 ) 
4 30 (632 -512 16 ) (1024 -512 16 ) (1024 -512 472 ) (632 -512 472 ) 
4 30 (632 -256 16 ) (632 -512 16 ) (632 -512 112 ) (632 -256 112 ) 
4 30 (632 0 16 ) (632 -256 16 ) (632 -256 112 ) (632 0 112 ) 
4 30 (632 -512 112 ) (632 -512 472 ) (632 0 472 ) (632 0 112 ) 
4 30 (632 -512 472 ) (1024 -512 472 ) (1024 0 472 ) (632 0 472 ) 
4 31 (240 -240 120 ) (240 -240 112 ) (512 -240 112 ) (512 -240 120 ) 
4 31 (512 0 472 ) (512 -240 472 ) (512 -240 112 ) (512 0 112 ) 
4 31 (240 -240 472 ) (512 -240 472 ) (512 0 472 ) (240 0 472 ) 
3 32 (298.666687 -512 472 ) (240 -512 472 ) (240 -512 120 ) 
4 32 (240 -512 120.003883 ) (240 -264 120.003891 ) (264 -264 264.003540 ) (264 -512 264.003510 ) 
3 32 (240 -264 120.003891 ) (240 -240 120.003891 ) (264 -264 264 ) 
4 32 (298.666687 -240 472 ) (240 -240 472 ) (240 -512 472 ) (298.666687 -512 472 ) 
4 33 (298.666687 -240 472 ) (298.666687 -264 472 ) (512 -264 472 ) (512 -240 472 ) 
4 33 (512 -240 120 ) (512 -240 472 ) (512 -264 472 ) (512 -264 264 ) 
4 33 (512 -264 264.003906 ) (264.007812 -264 264.003906 ) (240.007797 -240 120.003876 ) (512 -240 120.003883 ) 
5 34 (512 -512 472 ) (298.666687 -512 472 ) (264 -512 264 ) (264 -512 112 ) (512 -512 112 ) 
4 34 (298.666687 -264 472 ) (298.666687 -512 472 ) (512 -512 472 ) (512 -264 472 ) 
4 34 (512 -264 472 ) (512 -512 472 ) (512 -512 112 ) (512 -264 112 ) 
4 34 (264 -264 264 ) (512 -264 264 ) (512 -264 112 ) (264 -264 112 ) 
4 34 (264 -264 264.007812 ) (264 -264 112 ) (264 -512 112 ) (264 -512 264.007812 ) 
4 35 (240 0 16 ) (264 0 16 ) (264 -56 16 ) (240 -80 16 ) 
4 35 (264 -56 16 ) (264 -256 16 ) (240 -256 16 ) (240 -80 16 ) 
4 35 (264 0 16 ) (512 0 16 ) (512 -256 16 ) (264 -256 16 ) 
4 35 (264 -256 112 ) (256 -256 112 ) (256 -256 16 ) (264 -256 16 ) 
4 35 (512 -256 112 ) (264 -256 112 ) (264 -256 16 ) (512 -256 16 ) 
4 35 (512 -256 112 ) (512 -240 112 ) (240 -240 112 ) (240 -256 112 ) 
4 35 (512 0 112 ) (512 -256 112 ) (512 -256 16 ) (512 0 16 ) 
4 36 (264 -512 16 ) (512 -512 16 ) (512 -512 112 ) (264 -512 112 ) 
4 36 (264 -264 16 ) (264 -512 16 ) (264 -512 112 ) (264 -264 112 ) 
4 36 (512 -264 112 ) (512 -512 112 ) (512 -512 16 ) (512 -264 16 ) 
4 36 (512 -264 112 ) (512 -264 16 ) (264 -264 16 ) (264 -264 112 ) 
4 37 (256 -512 16 ) (240 -512 16 ) (240 -256 16 ) (256 -256 16 ) 
4 37 (240 -512 16 ) (256 -512 16 ) (256 -512 112 ) (240 -512 112 ) 
4 37 (256 -512 112 ) (256 -264 112 ) (240 -264 112 ) (240 -512 112 ) 
4 37 (256 -264 112 ) (256 -256 112 ) (240 -256 112 ) (240 -264 112 ) 
4 37 (256 -512 112 ) (256 -512 16 ) (256 -256 16 ) (256 -256 112 ) 
4 38 (192 0 16 ) (240 0 16 ) (240 -80 16 ) (192 -128 16 ) 
3 38 (0 -320 16 ) (0 -192 16 ) (128 -192 16 ) 
4 38 (0 -512 16 ) (0 -320 16 ) (240 -80 16 ) (240 -512 16 ) 
4 38 (200 -512 16 ) (240 -512 16 ) (240 -512 472 ) (200 -512 472 ) 
4 38 (240 -264 112 ) (240 -264 120 ) (240 -512 120 ) (240 -512 112 ) 
4 38 (240 -264 112 ) (240 -240 112 ) (240 -240 120 ) (240 -264 120 ) 
4 38 (240 -512 472 ) (240 0 472 ) (0 0 472 ) (0 -512 472 ) 
4 39 (0 -552 16 ) (0 -512 16 ) (200 -512 16 ) (200 -552 16 ) 
4 39 (200 -552 472 ) (200 -512 472 ) (0 -512 472 ) (0 -552 472 ) 
4 39 (200 -552 472 ) (200 -552 16 ) (200 -512 16 ) (200 -512 472 ) 
4 40 (0 -776 16 ) (0 -552 16 ) (1024 -552 16 ) (1024 -776 16 ) 
4 40 (200 -552 472 ) (1024 -552 472 ) (1024 -552 16 ) (200 -552 16 ) 
4 40 (0 -776 16 ) (1024 -776 16 ) (1024 -776 472 ) (0 -776 472 ) 
4 40 (1024 -776 472 ) (1024 -552 472 ) (0 -552 472 ) (0 -776 472 ) 
4 41 (1024 -1024 16 ) (816 -1024 16 ) (816 -816 16 ) (1024 -816 16 ) 
4 41 (1024 -816 472 ) (816 -816 472 ) (816 -1024 472 ) (1024 -1024 472 ) 
4 41 (816 -816 472 ) (1024 -816 472 ) (1024 -816 16 ) (816 -816 16 ) 
4 41 (816 -816 472 ) (816 -816 16 ) (816 -1024 16 ) (816 -1024 472 ) 
4 42 (768 -1024 16 ) (616 -1024 16 ) (616 -816 16 ) (768 -816 16 ) 
4 42 (616 -1000 16 ) (616 -1024 16 ) (616 -1024 472 ) (616 -1000 472 ) 
4 42 (768 -1024 472 ) (768 -1024 16 ) (768 -816 16 ) (768 -816 472 ) 
4 42 (616 -816 472 ) (768 -816 472 ) (768 -816 16 ) (616 -816 16 ) 
4 42 (768 -816 472 ) (616 -816 472 ) (616 -1024 472 ) (768 -1024 472 ) 
4 43 (0 -1000 16 ) (0 -816 16 ) (616 -816 16 ) (616 -1000 16 ) 
4 43 (0 -816 472 ) (616 -816 472 ) (616 -816 16 ) (0 -816 16 ) 
4 43 (616 -1000 472 ) (616 -816 472 ) (0 -816 472 ) (0 -1000 472 ) 
4 43 (0 -1000 16 ) (616 -1000 16 ) (616 -1000 472 ) (0 -1000 472 ) 
4 44 (632 0 8 ) (632 -264 8 ) (632 -376 16 ) (632 0 16 ) 
4 44 (632 0 8 ) (1024 0 8 ) (1024 -264 8 ) (632 -264 8 ) 
4 44 (1024 -375.992249 16 ) (632 -375.992218 16 ) (632 -263.992218 8 ) (1024 -263.992249 8 ) 
4 45 (264 -264 8 ) (264 -512 8 ) (264 -512 16 ) (264 -264 16 ) 
4 45 (264 -512 8 ) (512 -512 8 ) (512 -512 16 ) (264 -512 16 ) 
4 45 (512 -264 8 ) (512 -512 8 ) (264 -512 8 ) (264 -264 8 ) 
4 45 (512 -264 16 ) (512 -512 16 ) (512 -512 8 ) (512 -264 8 ) 
4 45 (512 -264 16 ) (512 -264 8 ) (264 -264 8 ) (264 -264 16 ) 
4 46 (0 -127.992195 8 ) (128 -127.992188 8 ) (128 -191.992188 16 ) (0 -191.992188 16 ) 
4 46 (0 -128 8 ) (0 0 8 ) (128 0 8 ) (128 -128 8 ) 
4 46 (192 -127.976570 16 ) (127.976562 -192 16 ) (127.976562 -128 8 ) (128 -127.976562 8 ) 
4 46 (192 -128 16 ) (128 -128 8 ) (128 0 8 ) (192 0 16 ) 
4 47 (0 -1024 0 ) (0 -1024 -8 ) (1024 -1024 -8 ) (1024 -1024 0 ) 
4 47 (1024 0 0 ) (0 0 0 ) (0 -1024 0 ) (1024 -1024 0 ) 
4 47 (0 -1024 -8 ) (0 0 -8 ) (1024 0 -8 ) (1024 -1024 -8 ) 
4 48 (816 -1024 16 ) (1024 -1024 16 ) (1024 -1080 16 ) (816 -1080 16 ) 
4 48 (1024 -1024 472 ) (816 -1024 472 ) (816 -1080 472 ) (1024 -1080 472 ) 
4 48 (816 -1024 16 ) (816 -1080 16 ) (816 -1080 472 ) (816 -1024 472 ) 
4 49 (616 -1024 16 ) (768 -1024 16 ) (768 -1080 16 ) (616 -1080 16 ) 
4 49 (768 -1024 472 ) (616 -1024 472 ) (616 -1080 472 ) (768 -1080 472 ) 
4 49 (768 -1024 472 ) (768 -1080 472 ) (768 -1080 16 ) (768 -1024 16 ) 
4 49 (616 -1024 16 ) (616 -1080 16 ) (616 -1080 472 ) (616 -1024 472 ) 
4 50 (0 -1472 16 ) (0 -1080 16 ) (1024 -1080 16 ) (1024 -1472 16 ) 
4 50 (1024 -1472 200 ) (1024 -1472 208 ) (0 -1472 208 ) (0 -1472 200 ) 
4 50 (1024 -1472 472 ) (1024 -1080 472 ) (0 -1080 472 ) (0 -1472 472 ) 
4 50 (616 -1080 472 ) (616 -1080 16 ) (0 -1080 16 ) (0 -1080 472 ) 
4 50 (768 -1080 472 ) (816 -1080 472 ) (816 -1080 16 ) (768 -1080 16 ) 
4 51 (0 -1552 232 ) (0 -1536 232 ) (1024 -1536 232 ) (1024 -1552 232 ) 
4 51 (1024 -1472 472 ) (0 -1472 472 ) (0 -2048 472 ) (1024 -2048 472 ) 
4 52 (1024 -1536 208 ) (1024 -1536 232 ) (0 -1536 232 ) (0 -1536 208 ) 
4 52 (1024 -1536 208 ) (0 -1536 208 ) (0 -1472 208 ) (1024 -1472 208 ) 
4 53 (0 -1536 16 ) (0 -1472 16 ) (1024 -1472 16 ) (1024 -1536 16 ) 
4 53 (1024 -1472 200 ) (0 -1472 200 ) (0 -1536 200 ) (1024 -1536 200 ) 
4 53 (0 -1536 16 ) (1024 -1536 16 ) (1024 -1536 200 ) (0 -1536 200 ) 
4 54 (0 -1656 16 ) (0 -1552 16 ) (1024 -1552 16 ) (1024 -1656 16 ) 
4 54 (0 -1552 232 ) (1024 -1552 232 ) (1024 -1552 16 ) (0 -1552 16 ) 
4 55 (1024 -2048 0 ) (0 -2048 0 ) (0 -1928 0 ) (1024 -1928 0 ) 
4 55 (1024 -1928 0 ) (0 -1928 0 ) (0 -1656 16 ) (1024 -1656 16 ) 
4 56 (0 -2736 472 ) (0 -2736 0 ) (1024 -2736 0 ) (1024 -2736 472 ) 
4 56 (0 -2736 0 ) (0 -2048 0 ) (1024 -2048 0 ) (1024 -2736 0 ) 
4 56 (1024 -2048 472 ) (0 -2048 472 ) (0 -2736 472 ) (1024 -2736 472 ) 
3 57 (-233.684219 224 120 ) (-264 224 264 ) (-264 264 264 ) 
4 57 (0 224 472 ) (0 264 472 ) (-307.789490 264 472 ) (-307.789490 224 472 ) 
4 57 (-264 264 264 ) (-307.789490 264 472 ) (0 264 472 ) (0 264 264 ) 
4 57 (0 224 120 ) (-233.687500 224 120 ) (-264.003296 264 264 ) (0 264 264 ) 
4 58 (-232 224 112 ) (-232 0 112 ) (-264 0 264 ) (-264 224 264 ) 
4 58 (0 224 120 ) (0 224 112 ) (-232.008270 224 112 ) (-233.692474 224 120 ) 
4 58 (0 224 472 ) (-307.789490 224 472 ) (-307.789490 0 472 ) (0 0 472 ) 
4 59 (-264 264 264 ) (-440 264 279.304321 ) (-440 264 472 ) (-307.789490 264 472 ) 
4 59 (-307.789490 264 472 ) (-440 264 472 ) (-440 0 472 ) (-307.789490 0 472 ) 
4 59 (-440 264 472 ) (-440 264 279.304321 ) (-440 0 279.304321 ) (-440 0 472 ) 
4 59 (-440 0 279.304840 ) (-440 264 279.304840 ) (-264 264 264 ) (-264 0 264 ) 
4 60 (-192 0 16 ) (-256 0 16 ) (-256 64 16 ) (-192 128 16 ) 
3 60 (-256 64 16 ) (-256 192 16 ) (-128 192 16 ) 
4 60 (-256 192 16 ) (-256 256 16 ) (0 256 16 ) (0 192 16 ) 
4 60 (-256 0 112 ) (-256 256 112 ) (-256 256 16 ) (-256 0 16 ) 
4 60 (-232 256 112 ) (-256 256 112 ) (-256 0 112 ) (-232 0 112 ) 
4 60 (0 224 112 ) (0 256 112 ) (-232 256 112 ) (-232 224 112 ) 
4 60 (0 256 112 ) (0 256 16 ) (-256 256 16 ) (-256 256 112 ) 
4 61 (-488 0 16 ) (-1024 0 16 ) (-1024 24 16 ) (-488 24 16 ) 
4 61 (-488 24 472 ) (-1024 24 472 ) (-1024 0 472 ) (-488 0 472 ) 
4 61 (-488 24 472 ) (-488 0 472 ) (-488 0 112 ) (-488 24 112 ) 
4 61 (-488 24 112 ) (-488 0 112 ) (-488 0 16 ) (-488 24 16 ) 
4 61 (-1024 24 472 ) (-488 24 472 ) (-488 24 16 ) (-1024 24 16 ) 
4 62 (-192 127.986984 16 ) (-127.988274 192 16 ) (-127.988274 128 8 ) (-128 127.988274 8 ) 
4 62 (0 0 8 ) (-128 0 8 ) (-128 128 8 ) (0 128 8 ) 
4 62 (0 127.996094 8 ) (-128.003922 127.996086 8 ) (-128.003845 191.996094 16 ) (0 191.996094 16 ) 
4 62 (-192 0 16 ) (-192 127.996094 16 ) (-128 127.996094 8 ) (-128 0 8 ) 
4 63 (0 272 0 ) (-1024 272 0 ) (-1024 0 0 ) (0 0 0 ) 
4 63 (-1024 0 -8 ) (-1024 272 -8 ) (0 272 -8 ) (0 0 -8 ) 
4 63 (0 272 -8 ) (-1024 272 -8 ) (-1024 272 0 ) (0 272 0 ) 
4 64 (0 -192 16 ) (0 -320 16 ) (-56 -264 16 ) (-56 -192 16 ) 
4 64 (0 -320 16 ) (0 -552 16 ) (-56 -552 16 ) (-56 -264 16 ) 
4 64 (-56 -512 16 ) (-56 -552 16 ) (-56 -552 472 ) (-56 -512 472 ) 
4 64 (-56 -552 472 ) (0 -552 472 ) (0 0 472 ) (-56 0 472 ) 
4 65 (-440 -512 279.304688 ) (-440 0 279.304688 ) (-264 0 264 ) (-264 -512 264 ) 
4 65 (-440 -512 279.304321 ) (-440 -512 472 ) (-440 0 472 ) (-440 0 279.304321 ) 
4 65 (-56 -512 245.913025 ) (-56 -512 472 ) (-440 -512 472 ) (-440 -512 279.304321 ) 
4 65 (-440 -512 472 ) (-56 -512 472 ) (-56 0 472 ) (-440 0 472 ) 
4 66 (-232 -512 112 ) (-56 -512 112 ) (-56 -512 245.913025 ) (-264 -512 264 ) 
4 66 (-232 0 112 ) (-232 -512 112 ) (-264.001953 -512 264.003937 ) (-264.001953 0 264.003906 ) 
3 67 (-56 -192 16 ) (-56 -264 16 ) (-128 -192 16 ) 
4 67 (-56 -264 16 ) (-56 -512 16 ) (-192 -512 16 ) (-192 -128 16 ) 
4 67 (-256 0 16 ) (-192 0 16 ) (-192 -512 16 ) (-256 -512 16 ) 
4 67 (-256 -512 16 ) (-56 -512 16 ) (-56 -512 112 ) (-256 -512 112 ) 
4 67 (-232 0 112 ) (-256 0 112 ) (-256 -512 112 ) (-232 -512 112 ) 
4 67 (-256 0 16 ) (-256 -512 16 ) (-256 -512 112 ) (-256 0 112 ) 
4 68 (-656 0 16 ) (-488 0 16 ) (-488 -552 16 ) (-656 -552 16 ) 
4 68 (-656 -184 16 ) (-656 -552 16 ) (-656 -552 472 ) (-656 -184 472 ) 
4 68 (-488 0 112 ) (-488 -512 112 ) (-488 -512 16 ) (-488 0 16 ) 
4 68 (-488 0 112 ) (-488 0 472 ) (-488 -512 472 ) (-488 -512 112 ) 
4 68 (-488 -512 472 ) (-488 -552 472 ) (-488 -552 16 ) (-488 -512 16 ) 
4 68 (-656 -552 472 ) (-488 -552 472 ) (-488 0 472 ) (-656 0 472 ) 
4 69 (-704 0 16 ) (-656 0 16 ) (-656 -184 16 ) (-704 -184 16 ) 
4 69 (-656 -184 472 ) (-656 0 472 ) (-704 0 472 ) (-704 -184 472 ) 
4 69 (-704 -184 472 ) (-704 -184 16 ) (-656 -184 16 ) (-656 -184 472 ) 
4 70 (0 -552 16 ) (0 -776 16 ) (-192 -776 16 ) (-192 -552 16 ) 
4 70 (-192 -776 16 ) (-656 -776 16 ) (-656 -552 16 ) (-192 -552 16 ) 
4 70 (-112 -776 16 ) (0 -776 16 ) (0 -776 472 ) (-112 -776 472 ) 
4 70 (-656 -776 16 ) (-352 -776 16 ) (-352 -776 472 ) (-656 -776 472 ) 
4 70 (0 -552 472 ) (-656 -552 472 ) (-656 -776 472 ) (0 -776 472 ) 
4 70 (-488 -552 472 ) (-56 -552 472 ) (-56 -552 16 ) (-488 -552 16 ) 
4 70 (-656 -552 472 ) (-656 -552 16 ) (-656 -776 16 ) (-656 -776 472 ) 
4 71 (-1024 -776 16 ) (-1024 0 16 ) (-704 0 16 ) (-704 -776 16 ) 
4 71 (-1024 -776 472 ) (-1024 -776 16 ) (-704 -776 16 ) (-704 -776 472 ) 
4 71 (-704 -552 472 ) (-704 -776 472 ) (-704 -776 16 ) (-704 -552 16 ) 
4 71 (-704 -184 472 ) (-704 -552 472 ) (-704 -552 16 ) (-704 -184 16 ) 
4 71 (-704 0 472 ) (-1024 0 472 ) (-1024 -776 472 ) (-704 -776 472 ) 
4 72 (-192 -776 16 ) (-112 -776 16 ) (-112 -816 16 ) (-192 -816 16 ) 
4 72 (-352 -816 16 ) (-352 -776 16 ) (-192 -776 16 ) (-192 -816 16 ) 
4 72 (-112 -816 472 ) (-112 -776 472 ) (-352 -776 472 ) (-352 -816 472 ) 
4 72 (-352 -816 472 ) (-352 -776 472 ) (-352 -776 16 ) (-352 -816 16 ) 
4 72 (-112 -776 16 ) (-112 -776 472 ) (-112 -816 472 ) (-112 -816 16 ) 
4 73 (-192 -816 16 ) (0 -816 16 ) (0 -1000 16 ) (-192 -1000 16 ) 
4 73 (-352 -1000 16 ) (-352 -816 16 ) (-192 -816 16 ) (-192 -1000 16 ) 
4 73 (0 -1000 472 ) (0 -816 472 ) (-352 -816 472 ) (-352 -1000 472 ) 
4 73 (-352 -1000 472 ) (-352 -816 472 ) (-352 -816 16 ) (-352 -1000 16 ) 
4 73 (-112 -816 472 ) (0 -816 472 ) (0 -816 16 ) (-112 -816 16 ) 
4 73 (-352 -1000 472 ) (-352 -1000 16 ) (0 -1000 16 ) (0 -1000 472 ) 
3 74 (-127.984383 -192 16 ) (-191.992188 -127.992203 16 ) (-127.992188 -127.992195 8 ) 
4 74 (-128 -128 8 ) (-128 0 8 ) (0 0 8 ) (0 -128 8 ) 
4 74 (-191.996094 -128.003845 16 ) (-191.996094 0 16 ) (-127.996094 0 8 ) (-127.996086 -128.003922 8 ) 
4 74 (0 -192 16 ) (-128 -192 16 ) (-128 -128 8 ) (0 -128 8 ) 
4 75 (-1024 -1024 0 ) (-1024 -1024 -8 ) (0 -1024 -8 ) (0 -1024 0 ) 
4 75 (0 0 0 ) (-1024 0 0 ) (-1024 -1024 0 ) (0 -1024 0 ) 
4 75 (-1024 -1024 -8 ) (-1024 0 -8 ) (0 0 -8 ) (0 -1024 -8 ) 
4 76 (-352 -1080 16 ) (0 -1080 16 ) (0 -1472 16 ) (-489.543823 -1472 16 ) 
4 76 (0 -1472 200 ) (0 -1472 208 ) (-489.543854 -1472 208 ) (-489.543854 -1472 200 ) 
4 76 (-489.543823 -1472 472 ) (0 -1472 472 ) (0 -1080 472 ) (-352 -1080 472 ) 
4 76 (-352 -1080 16 ) (-352 -1080 472 ) (0 -1080 472 ) (0 -1080 16 ) 
4 76 (-352.003876 -1080 472 ) (-352.003906 -1080 16 ) (-489.544922 -1472 16 ) (-489.544922 -1472 472 ) 
4 77 (-512 -1536 232 ) (-512 -1536 208 ) (0 -1536 208 ) (0 -1536 232 ) 
4 77 (0 -1536 472 ) (0 -1472 472 ) (-489.543854 -1472 472 ) (-512 -1536 472 ) 
4 77 (-489.544922 -1472 472 ) (-489.544922 -1472 208 ) (-512 -1535.995850 208 ) (-512 -1535.995850 472 ) 
5 77 (0 -1536 208 ) (-512 -1536 208 ) (-512 -1535.988892 208 ) (-489.546875 -1472 208 ) (0 -1472 208 ) 
4 78 (-512 -1536 16 ) (-489.543854 -1472 16 ) (0 -1472 16 ) (0 -1536 16 ) 
4 78 (-512 -1536 200 ) (-512 -1536 16 ) (0 -1536 16 ) (0 -1536 200 ) 
5 78 (0 -1472 200 ) (-489.546875 -1472 200 ) (-512 -1535.988892 200 ) (-512 -1536 200 ) (0 -1536 200 ) 
4 78 (-489.544922 -1472 200 ) (-489.544922 -1472 16 ) (-512 -1535.995850 16 ) (-512 -1535.995850 200 ) 
4 79 (-512 -1552 232 ) (-512 -1552 312 ) (-512 -1536 312 ) (-512 -1536 232 ) 
4 79 (0 -1552 472 ) (0 -1536 472 ) (-512 -1536 472 ) (-512 -1552 472 ) 
4 79 (0 -1552 232 ) (-512 -1552 232 ) (-512 -1536 232 ) (0 -1536 232 ) 
4 80 (-512 -1552 16 ) (-512 -2048 16 ) (-512 -2048 312 ) (-512 -1552 312 ) 
4 80 (-512 -1656 16 ) (-512 -1552 16 ) (0 -1552 16 ) (0 -1656 16 ) 
4 80 (0 -1552 232 ) (0 -1552 16 ) (-512 -1552 16 ) (-512 -1552 232 ) 
4 80 (0 -1552 472 ) (-512 -1552 472 ) (-512 -2048 472 ) (0 -2048 472 ) 
4 81 (-512 -1928 0 ) (-512 -2048 0 ) (-512 -2048 16 ) (-512 -1656 16 ) 
4 81 (0 -2048 0 ) (-512 -2048 0 ) (-512 -1928 0 ) (0 -1928 0 ) 
4 81 (0 -1928 0 ) (-512 -1928 0 ) (-512 -1656 16 ) (0 -1656 16 ) 
4 82 (-576 -1536 472 ) (-576 -1536 312 ) (-576 -2048 312 ) (-576 -2048 472 ) 
4 82 (-512 -1536 472 ) (-576 -1536 472 ) (-576 -2048 472 ) (-512 -2048 472 ) 
4 82 (-576 -1536 312 ) (-576 -1536 472 ) (-512 -1536 472 ) (-512 -1536 312 ) 
4 82 (-576 -2048 312 ) (-576 -1536 312 ) (-512 -1536 312 ) (-512 -2048 312 ) 
4 83 (-512 -2048 0 ) (-512 -2120 0 ) (-512 -2120 312 ) (-512 -2048 312 ) 
4 83 (-512 -2736 472 ) (0 -2736 472 ) (0 -2048 472 ) (-512 -2048 472 ) 
4 83 (-512 -2048 0 ) (0 -2048 0 ) (0 -2736 0 ) (-512 -2736 0 ) 
4 83 (-512 -2736 0 ) (0 -2736 0 ) (0 -2736 472 ) (-512 -2736 472 ) 
4 84 (-576 -2120 312 ) (-576 -2048 312 ) (-512 -2048 312 ) (-512 -2120 312 ) 
4 84 (-512 -2736 312 ) (-512 -2736 472 ) (-576 -2736 472 ) (-576 -2736 312 ) 
4 84 (-576 -2736 472 ) (-512 -2736 472 ) (-512 -2048 472 ) (-576 -2048 472 ) 
4 84 (-576 -2736 312 ) (-576 -2736 472 ) (-576 -2048 472 ) (-576 -2048 312 ) 
4 85 (-576 -2120 0 ) (-576 -2736 0 ) (-576 -2736 312 ) (-576 -2120 312 ) 
4 85 (-512 -2120 0 ) (-512 -2736 0 ) (-576 -2736 0 ) (-576 -2120 0 ) 
4 85 (-576 -2736 0 ) (-512 -2736 0 ) (-512 -2736 312 ) (-576 -2736 312 ) 
4 85 (-576 -2120 0 ) (-576 -2120 312 ) (-512 -2120 312 ) (-512 -2120 0 ) 
4 86 (-1024 0 16 ) (-1568 0 16 ) (-1568 24 16 ) (-1024 24 16 ) 
4 86 (-1568 24 16 ) (-1568 0 16 ) (-1568 0 472 ) (-1568 24 472 ) 
4 86 (-1024 24 472 ) (-1568 24 472 ) (-1568 0 472 ) (-1024 0 472 ) 
4 86 (-1568 24 472 ) (-1024 24 472 ) (-1024 24 16 ) (-1568 24 16 ) 
4 87 (-1024 272 0 ) (-1568 272 0 ) (-1568 0 0 ) (-1024 0 0 ) 
4 87 (-1568 272 0 ) (-1576 272 0 ) (-1576 0 0 ) (-1568 0 0 ) 
4 87 (-1576 272 0 ) (-1576 272 -8 ) (-1576 0 -8 ) (-1576 0 0 ) 
4 87 (-1024 272 -8 ) (-1576 272 -8 ) (-1576 272 0 ) (-1024 272 0 ) 
4 87 (-1576 0 -8 ) (-1576 272 -8 ) (-1024 272 -8 ) (-1024 0 -8 ) 
4 88 (-1536 -128 24 ) (-1536 -128 16 ) (-1176 -128 16 ) (-1176 -128 24 ) 
4 88 (-1536 -128 160 ) (-1536 -128 24 ) (-1176 -128 24 ) (-1176 -128 160 ) 
4 88 (-1536 -128 304 ) (-1536 -128 160 ) (-1344 -128 160 ) (-1344 -128 304 ) 
4 88 (-1536 -128 312 ) (-1536 -128 304 ) (-1344 -128 304 ) (-1344 -128 312 ) 
4 88 (-1344 -128 272 ) (-1344 -128 200 ) (-1336 -128 200 ) (-1336 -128 272 ) 
4 88 (-1344 -128 200 ) (-1344 -128 160 ) (-1336 -128 160 ) (-1336 -128 200 ) 
4 88 (-1344 -128 312 ) (-1344 -128 304 ) (-1336 -128 304 ) (-1336 -128 312 ) 
4 88 (-1344 -128 304 ) (-1344 -128 272 ) (-1336 -128 272 ) (-1336 -128 304 ) 
4 88 (-1336 -128 168 ) (-1336 -128 160 ) (-1176 -128 160 ) (-1176 -128 168 ) 
3 88 (-1336 -128 312 ) (-1336 -128 304 ) (-1328 -128 304 ) 
4 88 (-1176 -128 128 ) (-1176 -128 16 ) (-1168 -128 16 ) (-1168 -128 128 ) 
4 88 (-1176 -128 160 ) (-1176 -128 128 ) (-1168 -128 128 ) (-1168 -128 160 ) 
4 88 (-1176 -128 168 ) (-1176 -128 160 ) (-1168 -128 160 ) (-1168 -128 168 ) 
3 88 (-1168 -128 168 ) (-1168 -128 160 ) (-1160 -128 160 ) 
4 88 (-1024 0 472 ) (-1568 0 472 ) (-1568 -128 472 ) (-1024 -128 472 ) 
4 88 (-1568 0 472 ) (-1568 0 16 ) (-1568 -128 16 ) (-1568 -128 472 ) 
4 88 (-1024 -128 16 ) (-1568 -128 16 ) (-1568 0 16 ) (-1024 0 16 ) 
4 89 (-1024 -128 472 ) (-1168 -128 472 ) (-1168 -640 472 ) (-1024 -640 472 ) 
4 89 (-1159.996094 -128 160 ) (-1159.996094 -640 160 ) (-1168 -640 168.003922 ) (-1168 -128 168.003906 ) 
4 90 (-1168 -640 56 ) (-1168 -640 128 ) (-1168 -600 128 ) (-1168 -600 56 ) 
4 90 (-1168 -456 128 ) (-1168 -416 128 ) (-1168 -416 56 ) (-1168 -456 56 ) 
4 90 (-1168 -544 128 ) (-1168 -512 128 ) (-1168 -512 56 ) (-1168 -544 56 ) 
4 90 (-1168 -360 128 ) (-1168 -264 128 ) (-1168 -264 56 ) (-1168 -360 56 ) 
4 90 (-1168 -264 24 ) (-1168 -640 24 ) (-1168 -640 56 ) (-1168 -264 56 ) 
4 90 (-1168 -264 112 ) (-1168 -264 128 ) (-1168 -208 128 ) (-1168 -208 112 ) 
4 90 (-1168 -128 128 ) (-1168 -128 24 ) (-1168 -208 24 ) (-1168 -208 128 ) 
4 90 (-1168 -128 160 ) (-1168 -128 128 ) (-1168 -640 128 ) (-1168 -640 160 ) 
4 90 (-1168 -264 24 ) (-1168 -208 24 ) (-1096 -208 24 ) (-1096 -264 24 ) 
4 90 (-1160 -128 160 ) (-1168 -128 160 ) (-1168 -640 160 ) (-1160 -640 160 ) 
4 91 (-1096 -208 16 ) (-1096 -264 16 ) (-1096 -264 24 ) (-1096 -208 24 ) 
4 91 (-1024 -640 16 ) (-1096 -640 16 ) (-1096 -128 16 ) (-1024 -128 16 ) 
4 92 (-1168 -128 24 ) (-1168 -128 16 ) (-1168 -208 16 ) (-1168 -208 24 ) 
4 92 (-1168 -208 16 ) (-1096 -208 16 ) (-1096 -208 24 ) (-1168 -208 24 ) 
4 92 (-1168 -208 16 ) (-1168 -128 16 ) (-1096 -128 16 ) (-1096 -208 16 ) 
4 93 (-1168 -264 16 ) (-1168 -640 16 ) (-1168 -640 24 ) (-1168 -264 24 ) 
4 93 (-1096 -640 16 ) (-1168 -640 16 ) (-1168 -264 16 ) (-1096 -264 16 ) 
4 93 (-1168 -264 24 ) (-1096 -264 24 ) (-1096 -264 16 ) (-1168 -264 16 ) 
4 94 (-1176 -640 168 ) (-1176 -128 168 ) (-1168 -128 168 ) (-1168 -640 168 ) 
4 94 (-1168 -640 472 ) (-1168 -128 472 ) (-1176 -128 472 ) (-1176 -640 472 ) 
4 95 (-1168 -264 56 ) (-1168 -264 112 ) (-1176 -264 112 ) (-1176 -264 56 ) 
4 95 (-1168 -264 24 ) (-1168 -264 56 ) (-1176 -264 56 ) (-1176 -264 24 ) 
4 95 (-1168 -264 24 ) (-1176 -264 24 ) (-1176 -208 24 ) (-1168 -208 24 ) 
4 95 (-1176 -208 24 ) (-1176 -208 112 ) (-1168 -208 112 ) (-1168 -208 24 ) 
4 95 (-1168 -208 112 ) (-1176 -208 112 ) (-1176 -264 112 ) (-1168 -264 112 ) 
4 96 (-1176 -416 56 ) (-1168 -416 56 ) (-1168 -416 128 ) (-1176 -416 128 ) 
4 96 (-1168 -416 128 ) (-1168 -360 128 ) (-1176 -360 128 ) (-1176 -416 128 ) 
4 96 (-1176 -416 56 ) (-1176 -360 56 ) (-1168 -360 56 ) (-1168 -416 56 ) 
4 96 (-1176 -360 128 ) (-1168 -360 128 ) (-1168 -360 56 ) (-1176 -360 56 ) 
4 97 (-1176 -512 56 ) (-1176 -456 56 ) (-1168 -456 56 ) (-1168 -512 56 ) 
4 97 (-1168 -512 128 ) (-1168 -456 128 ) (-1176 -456 128 ) (-1176 -512 128 ) 
4 97 (-1176 -512 56 ) (-1168 -512 56 ) (-1168 -512 128 ) (-1176 -512 128 ) 
4 97 (-1176 -456 128 ) (-1168 -456 128 ) (-1168 -456 56 ) (-1176 -456 56 ) 
4 98 (-1168 -600 128 ) (-1168 -544 128 ) (-1176 -544 128 ) (-1176 -600 128 ) 
4 98 (-1176 -600 56 ) (-1176 -544 56 ) (-1168 -544 56 ) (-1168 -600 56 ) 
4 98 (-1176 -544 128 ) (-1168 -544 128 ) (-1168 -544 56 ) (-1176 -544 56 ) 
4 98 (-1176 -600 56 ) (-1168 -600 56 ) (-1168 -600 128 ) (-1176 -600 128 ) 
4 99 (-1176 -640 472 ) (-1176 -128 472 ) (-1336 -128 472 ) (-1336 -640 472 ) 
4 99 (-1328 -128 304 ) (-1328 -640 304 ) (-1336 -640 312 ) (-1336 -128 312 ) 
4 100 (-1336 -448 200 ) (-1336 -640 200 ) (-1336 -640 272 ) (-1336 -448 272 ) 
4 100 (-1336 -224 200 ) (-1336 -280 200 ) (-1336 -280 272 ) (-1336 -224 272 ) 
4 100 (-1336 -336 200 ) (-1336 -392 200 ) (-1336 -392 272 ) (-1336 -336 272 ) 
4 100 (-1336 -128 272 ) (-1336 -128 200 ) (-1336 -168 200 ) (-1336 -168 272 ) 
4 100 (-1336 -128 200 ) (-1336 -128 168 ) (-1336 -640 168 ) (-1336 -640 200 ) 
4 100 (-1336 -128 304 ) (-1336 -128 272 ) (-1336 -640 272 ) (-1336 -640 304 ) 
4 100 (-1328 -640 304 ) (-1328 -128 304 ) (-1336 -128 304 ) (-1336 -640 304 ) 
4 100 (-1336 -640 168 ) (-1336 -128 168 ) (-1176 -128 168 ) (-1176 -640 168 ) 
4 101 (-1336 -640 472 ) (-1336 -128 472 ) (-1344 -128 472 ) (-1344 -640 472 ) 
4 101 (-1344 -640 312 ) (-1344 -128 312 ) (-1336 -128 312 ) (-1336 -640 312 ) 
4 102 (-1344 -224 200 ) (-1336 -224 200 ) (-1336 -224 272 ) (-1344 -224 272 ) 
4 102 (-1336 -224 272 ) (-1336 -168 272 ) (-1344 -168 272 ) (-1344 -224 272 ) 
4 102 (-1344 -224 200 ) (-1344 -168 200 ) (-1336 -168 200 ) (-1336 -224 200 ) 
4 102 (-1344 -168 272 ) (-1336 -168 272 ) (-1336 -168 200 ) (-1344 -168 200 ) 
4 103 (-1344 -336 200 ) (-1344 -280 200 ) (-1336 -280 200 ) (-1336 -336 200 ) 
4 103 (-1336 -336 272 ) (-1336 -280 272 ) (-1344 -280 272 ) (-1344 -336 272 ) 
4 103 (-1344 -336 200 ) (-1336 -336 200 ) (-1336 -336 272 ) (-1344 -336 272 ) 
4 103 (-1344 -280 272 ) (-1336 -280 272 ) (-1336 -280 200 ) (-1344 -280 200 ) 
4 104 (-1336 -448 272 ) (-1336 -392 272 ) (-1344 -392 272 ) (-1344 -448 272 ) 
4 104 (-1344 -448 200 ) (-1344 -392 200 ) (-1336 -392 200 ) (-1336 -448 200 ) 
4 104 (-1344 -392 272 ) (-1336 -392 272 ) (-1336 -392 200 ) (-1344 -392 200 ) 
4 104 (-1344 -448 200 ) (-1336 -448 200 ) (-1336 -448 272 ) (-1344 -448 272 ) 
4 105 (-1344 -640 472 ) (-1344 -128 472 ) (-1536 -128 472 ) (-1536 -640 472 ) 
4 105 (-1536 -640 312 ) (-1536 -128 312 ) (-1344 -128 312 ) (-1344 -640 312 ) 
4 106 (-1528 -264 168 ) (-1528 -264 160 ) (-1344 -264 160 ) (-1344 -264 168 ) 
4 106 (-1528 -136 304 ) (-1528 -136 160 ) (-1528 -264 160 ) (-1528 -264 304 ) 
4 106 (-1528 -136 304 ) (-1344 -136 304 ) (-1344 -136 160 ) (-1528 -136 160 ) 
4 106 (-1528 -264 304 ) (-1344 -264 304 ) (-1344 -136 304 ) (-1528 -136 304 ) 
4 106 (-1344 -136 304 ) (-1344 -264 304 ) (-1344 -264 272 ) (-1344 -136 272 ) 
4 106 (-1344 -136 200 ) (-1344 -264 200 ) (-1344 -264 160 ) (-1344 -136 160 ) 
4 106 (-1344 -136 272 ) (-1344 -168 272 ) (-1344 -168 200 ) (-1344 -136 200 ) 
4 106 (-1344 -224 272 ) (-1344 -264 272 ) (-1344 -264 200 ) (-1344 -224 200 ) 
4 107 (-1344 -632 168 ) (-1344 -632 304 ) (-1528 -632 304 ) (-1528 -632 168 ) 
4 107 (-1344 -448 272 ) (-1344 -632 272 ) (-1344 -632 200 ) (-1344 -448 200 ) 
4 107 (-1344 -264 272 ) (-1344 -280 272 ) (-1344 -280 200 ) (-1344 -264 200 ) 
4 107 (-1344 -336 272 ) (-1344 -392 272 ) (-1344 -392 200 ) (-1344 -336 200 ) 
4 107 (-1344 -264 168 ) (-1344 -264 200 ) (-1344 -632 200 ) (-1344 -632 168 ) 
4 107 (-1344 -264 304 ) (-1344 -632 304 ) (-1344 -632 272 ) (-1344 -264 272 ) 
4 107 (-1528 -264 304 ) (-1528 -632 304 ) (-1344 -632 304 ) (-1344 -264 304 ) 
4 107 (-1528 -632 168 ) (-1528 -632 304 ) (-1528 -264 304 ) (-1528 -264 168 ) 
4 107 (-1344 -632 168 ) (-1528 -632 168 ) (-1528 -264 168 ) (-1344 -264 168 ) 
4 108 (-1528 -136 24 ) (-1176 -136 24 ) (-1176 -632 24 ) (-1528 -632 24 ) 
4 108 (-1528 -632 24 ) (-1176 -632 24 ) (-1176 -632 160 ) (-1528 -632 160 ) 
4 108 (-1528 -264 160 ) (-1528 -632 160 ) (-1344 -632 160 ) (-1344 -264 160 ) 
4 108 (-1344 -136 160 ) (-1344 -632 160 ) (-1336 -632 160 ) (-1336 -136 160 ) 
4 108 (-1336 -136 160 ) (-1336 -632 160 ) (-1176 -632 160 ) (-1176 -136 160 ) 
4 108 (-1176 -136 160 ) (-1176 -632 160 ) (-1176 -632 128 ) (-1176 -136 128 ) 
4 108 (-1176 -136 128 ) (-1176 -208 128 ) (-1176 -208 24 ) (-1176 -136 24 ) 
4 108 (-1176 -208 112 ) (-1176 -208 128 ) (-1176 -264 128 ) (-1176 -264 112 ) 
4 108 (-1176 -632 24 ) (-1176 -264 24 ) (-1176 -264 56 ) (-1176 -632 56 ) 
4 108 (-1176 -360 56 ) (-1176 -264 56 ) (-1176 -264 128 ) (-1176 -360 128 ) 
4 108 (-1176 -544 56 ) (-1176 -512 56 ) (-1176 -512 128 ) (-1176 -544 128 ) 
4 108 (-1176 -456 56 ) (-1176 -416 56 ) (-1176 -416 128 ) (-1176 -456 128 ) 
4 108 (-1176 -632 56 ) (-1176 -600 56 ) (-1176 -600 128 ) (-1176 -632 128 ) 
4 108 (-1528 -136 160 ) (-1176 -136 160 ) (-1176 -136 24 ) (-1528 -136 24 ) 
4 108 (-1528 -136 160 ) (-1528 -136 24 ) (-1528 -632 24 ) (-1528 -632 160 ) 
4 109 (-1536 -640 472 ) (-1536 -128 472 ) (-1568 -128 472 ) (-1568 -640 472 ) 
4 109 (-1536 -640 312 ) (-1536 -640 304 ) (-1536 -128 304 ) (-1536 -128 312 ) 
4 109 (-1536 -136 304 ) (-1536 -136 160 ) (-1536 -128 160 ) (-1536 -128 304 ) 
4 109 (-1536 -632 304 ) (-1536 -640 304 ) (-1536 -640 160 ) (-1536 -632 160 ) 
4 109 (-1536 -136 304 ) (-1536 -632 304 ) (-1536 -632 160 ) (-1536 -136 160 ) 
4 109 (-1536 -136 160 ) (-1536 -136 24 ) (-1536 -128 24 ) (-1536 -128 160 ) 
4 109 (-1536 -632 160 ) (-1536 -640 160 ) (-1536 -640 24 ) (-1536 -632 24 ) 
4 109 (-1536 -136 160 ) (-1536 -632 160 ) (-1536 -632 24 ) (-1536 -136 24 ) 
4 109 (-1536 -640 24 ) (-1536 -640 16 ) (-1536 -128 16 ) (-1536 -128 24 ) 
4 109 (-1568 -128 472 ) (-1568 -128 16 ) (-1568 -640 16 ) (-1568 -640 472 ) 
4 109 (-1568 -640 16 ) (-1568 -128 16 ) (-1536 -128 16 ) (-1536 -640 16 ) 
4 110 (-1568 -776 472 ) (-1568 -776 16 ) (-1024 -776 16 ) (-1024 -776 472 ) 
4 110 (-1024 -776 472 ) (-1024 -640 472 ) (-1568 -640 472 ) (-1568 -776 472 ) 
4 110 (-1536 -640 16 ) (-1536 -640 24 ) (-1176 -640 24 ) (-1176 -640 16 ) 
4 110 (-1536 -640 24 ) (-1536 -640 160 ) (-1176 -640 160 ) (-1176 -640 24 ) 
4 110 (-1344 -640 304 ) (-1344 -640 160 ) (-1536 -640 160 ) (-1536 -640 304 ) 
4 110 (-1344 -640 312 ) (-1344 -640 304 ) (-1536 -640 304 ) (-1536 -640 312 ) 
4 110 (-1336 -640 272 ) (-1336 -640 200 ) (-1344 -640 200 ) (-1344 -640 272 ) 
4 110 (-1336 -640 200 ) (-1336 -640 160 ) (-1344 -640 160 ) (-1344 -640 200 ) 
4 110 (-1336 -640 312 ) (-1336 -640 304 ) (-1344 -640 304 ) (-1344 -640 312 ) 
4 110 (-1336 -640 304 ) (-1336 -640 272 ) (-1344 -640 272 ) (-1344 -640 304 ) 
4 110 (-1336 -640 160 ) (-1336 -640 168 ) (-1176 -640 168 ) (-1176 -640 160 ) 
3 110 (-1328 -640 304 ) (-1336 -640 304 ) (-1336 -640 312 ) 
4 110 (-1176 -640 56 ) (-1176 -640 128 ) (-1168 -640 128 ) (-1168 -640 56 ) 
4 110 (-1176 -640 16 ) (-1176 -640 56 ) (-1168 -640 56 ) (-1168 -640 16 ) 
4 110 (-1176 -640 128 ) (-1176 -640 160 ) (-1168 -640 160 ) (-1168 -640 128 ) 
4 110 (-1176 -640 160 ) (-1176 -640 168 ) (-1168 -640 168 ) (-1168 -640 160 ) 
3 110 (-1160 -640 160 ) (-1168 -640 160 ) (-1168 -640 168 ) 
4 110 (-1568 -776 472 ) (-1568 -640 472 ) (-1568 -640 16 ) (-1568 -776 16 ) 
4 110 (-1024 -776 16 ) (-1568 -776 16 ) (-1568 -640 16 ) (-1024 -640 16 ) 
4 111 (-1024 -776 0 ) (-1024 -640 0 ) (-1568 -640 0 ) (-1568 -776 0 ) 
4 111 (-1024 -776 0 ) (-1568 -776 0 ) (-1568 -1024 0 ) (-1024 -1024 0 ) 
4 111 (-1568 -640 0 ) (-1576 -640 0 ) (-1576 -1024 0 ) (-1568 -1024 0 ) 
4 111 (-1568 -640 0 ) (-1536 -640 0 ) (-1536 -128 0 ) (-1568 -128 0 ) 
4 111 (-1568 -640 0 ) (-1568 -128 0 ) (-1576 -128 0 ) (-1576 -640 0 ) 
4 111 (-1536 -640 0 ) (-1176 -640 0 ) (-1176 -128 0 ) (-1536 -128 0 ) 
4 111 (-1176 -640 0 ) (-1168 -640 0 ) (-1168 -128 0 ) (-1176 -128 0 ) 
4 111 (-1168 -640 0 ) (-1024 -640 0 ) (-1024 -128 0 ) (-1168 -128 0 ) 
4 111 (-1568 -128 0 ) (-1024 -128 0 ) (-1024 0 0 ) (-1568 0 0 ) 
4 111 (-1568 -128 0 ) (-1568 0 0 ) (-1576 0 0 ) (-1576 -128 0 ) 
4 111 (-1576 0 -8 ) (-1576 -1024 -8 ) (-1576 -1024 0 ) (-1576 0 0 ) 
4 111 (-1576 -1024 -8 ) (-1576 0 -8 ) (-1024 0 -8 ) (-1024 -1024 -8 ) 
4 112 (-1576 -2048 472 ) (-1576 -2048 0 ) (-1024 -2048 0 ) (-1024 -2048 472 ) 
4 112 (-1568 -1024 0 ) (-1568 -1024 472 ) (-1024 -1024 472 ) (-1024 -1024 0 ) 
4 112 (-1568 -1024 0 ) (-1576 -1024 0 ) (-1576 -1024 472 ) (-1568 -1024 472 ) 
4 112 (-1024 -1536 0 ) (-1024 -1536 472 ) (-1024 -2048 472 ) (-1024 -2048 0 ) 
4 112 (-1024 -1536 0 ) (-1024 -1080 0 ) (-1024 -1080 472 ) (-1024 -1536 472 ) 
4 112 (-1024 -1080 0 ) (-1024 -1024 0 ) (-1024 -1024 472 ) (-1024 -1080 472 ) 
4 112 (-1576 -2048 0 ) (-1576 -2048 472 ) (-1576 -1024 472 ) (-1576 -1024 0 ) 
4 112 (-1024 -1024 472 ) (-1576 -1024 472 ) (-1576 -2048 472 ) (-1024 -2048 472 ) 
4 113 (-1576 -2048 -8 ) (-1576 -1024 -8 ) (-1024 -1024 -8 ) (-1024 -2048 -8 ) 
4 113 (-1576 -1024 -8 ) (-1576 -2048 -8 ) (-1576 -2048 0 ) (-1576 -1024 0 ) 
4 113 (-1024 -1024 0 ) (-1024 -2048 0 ) (-1024 -2048 -8 ) (-1024 -1024 -8 ) 
4 114 (-1024 -2048 0 ) (-1024 -2744 0 ) (-1024 -2744 -8 ) (-1024 -2048 -8 ) 
4 114 (-1576 -2048 -8 ) (-1576 -2744 -8 ) (-1576 -2744 0 ) (-1576 -2048 0 ) 
4 114 (-1576 -2744 0 ) (-1576 -2744 -8 ) (-1024 -2744 -8 ) (-1024 -2744 0 ) 
4 114 (-1024 -2744 -8 ) (-1576 -2744 -8 ) (-1576 -2048 -8 ) (-1024 -2048 -8 ) 
4 114 (-1576 -2744 0 ) (-1024 -2744 0 ) (-1024 -2048 0 ) (-1576 -2048 0 ) 
